+---------------------------+-----------------+--------------------------------+---------------------------+----------------------------------------------------+-----------------+-----------------+
|         TIMESTAMP         |       TASK      |            FUNCTION            |            FILE           |                       MESSAGE                      |   PROCESS_TYPE  |      STATUS     |
+---------------------------+-----------------+--------------------------------+---------------------------+----------------------------------------------------+-----------------+-----------------+
| 2025-10-04 12:03:27       | IMP_DOC_QUALIS_ | connect                        | databasesrc.py            | dcConfig disponível: ['dbconnstr', 'dbschema',     | system          | information     |
|                           |                 |                                |                           | 'projectname', 'folderlog', 'logtablename',        |                 |                 |
|                           |                 |                                |                           | 'databasename', 'tabdocumentosged', 'url_inicial', |                 |                 |
|                           |                 |                                |                           | 'url_api_processo', 'database']                    |                 |                 |
| 2025-10-04 12:03:27       | IMP_DOC_QUALIS_ | connect                        | databasesrc.py            | :::Processo de Conexão Iniciado:::                 | system          | information     |
| 2025-10-04 12:03:29       | IMP_DOC_QUALIS_ | connect                        | databasesrc.py            | Conectado com sucesso ao PostgreSQL: PostgreSQL    | system          | success         |
|                           |                 |                                |                           | 17.6 on aarch64-unknown-linux-gnu, comp            |                 |                 |
| 2025-10-04 12:03:30       | IMP_DOC_QUALIS_ | verifica_arq_existe            | planilha_processar.py     | Não existe arquivo .xlsx na pasta                  | system          | critical        |
|                           |                 |                                |                           | data\input\Capturados - LN 279 em                  |                 |                 |
|                           |                 |                                |                           | planilha_processar.py                              |                 |                 |
+---------------------------+-----------------+--------------------------------+---------------------------+----------------------------------------------------+-----------------+-----------------+
| 2025-10-04 12:03:30       | IMP_DOC_QUALIS_ | Main                           | main.py                   | Planilha de Processamento não encontrada ou Vazia  | system          | critical        |
|                           |                 |                                |                           | - LN 22 em main.py                                 |                 |                 |
+---------------------------+-----------------+--------------------------------+---------------------------+----------------------------------------------------+-----------------+-----------------+
| 2025-10-04 12:03:31       | IMP_DOC_QUALIS_ | executar_acesso_sharepoint     | sharepoint_acesso.py      | === TENTATIVA 1 DE 3 ===                           | system          | information     |
| 2025-10-04 12:03:31       | IMP_DOC_QUALIS_ | _inicializar_navegador         | sharepoint_acesso.py      | Abrindo o navegador                                | system          | information     |
| 2025-10-04 12:03:36       | IMP_DOC_QUALIS_ | confere_conexao_do_banco       | tabela_documentos_ged.py  | db_manager está conectado                          | system          | information     |
| 2025-10-04 12:03:37       | IMP_DOC_QUALIS_ | _obter_links_do_banco          | tabela_documentos_ged.py  | Pesquisando pelo status: PENDENTE                  | system          | information     |
| 2025-10-04 12:03:38       | IMP_DOC_QUALIS_ | _obter_links_do_banco          | tabela_documentos_ged.py  | 154 links obtidos do banco                         | system          | information     |
| 2025-10-04 12:03:38       | IMP_DOC_QUALIS_ | _acessar_sharepoint            | sharepoint_acesso.py      | Acessando URL: https://fibrasacombr.sharepoint.com | system          | information     |
|                           |                 |                                |                           | /sites/GED/DocumentosSolicitacoes/Corporativo%20-  |                 |                 |
|                           |                 |                                |                           | %20FICORP/01.N%C3%A3o%20Publicados                 |                 |                 |
| 2025-10-04 12:03:41       | IMP_DOC_QUALIS_ | _efetuar_login                 | sharepoint_acesso.py      | Efetuando login...                                 | system          | information     |
| 2025-10-04 12:03:57       | IMP_DOC_QUALIS_ | _efetuar_login                 | sharepoint_acesso.py      | Login efetuado com sucesso!                        | system          | information     |
| 2025-10-04 12:04:00       | IMP_DOC_QUALIS_ | executar_acesso_sharepoint     | sharepoint_acesso.py      | Processando link 1/154 - (tentativa 1/2)           | system          | information     |
| 2025-10-04 12:04:03       | IMP_DOC_QUALIS_ | _processar_link                | sharepoint_acesso.py      | Realizando o download do link 1/154...             | system          | information     |
| 2025-10-04 12:05:40       | IMP_DOC_QUALIS_ | _processar_link                | sharepoint_acesso.py      | Download salvo em: data\downloads\fibrasacombr-    | system          | information     |
|                           |                 |                                |                           | sharepoint-com-sites-ged-documentossolicitacoes-co |                 |                 |
|                           |                 |                                |                           | rporativo-20-20ficorp-01-n-c3-a3o-                 |                 |                 |
|                           |                 |                                |                           | 20p\OneDrive_1_04-10-2025.zip (tamanho: 309288162  |                 |                 |
|                           |                 |                                |                           | bytes)                                             |                 |                 |
| 2025-10-04 12:05:47       | IMP_DOC_QUALIS_ | extrair_zip                    | extrair_zip.py            | Arquivo data\downloads\fibrasacombr-sharepoint-    | system          | information     |
|                           |                 |                                |                           | com-sites-ged-documentossolicitacoes-corporativo-  |                 |                 |
|                           |                 |                                |                           | 20-20ficorp-01-n-c3-a3o-20p\OneDrive_1_04-10-      |                 |                 |
|                           |                 |                                |                           | 2025.zip extraído para                             |                 |                 |
|                           |                 |                                |                           | data\downloads\fibrasacombr-sharepoint-com-sites-  |                 |                 |
|                           |                 |                                |                           | ged-documentossolicitacoes-                        |                 |                 |
|                           |                 |                                |                           | corporativo-20-20ficorp-01-n-c3-a3o-20p            |                 |                 |
| 2025-10-04 12:05:48       | IMP_DOC_QUALIS_ | extrair_zips_em_pasta          | extrair_zip.py            | ZIP removido após extração:                        | system          | information     |
|                           |                 |                                |                           | data\downloads\fibrasacombr-sharepoint-com-sites-  |                 |                 |
|                           |                 |                                |                           | ged-documentossolicitacoes-corporativo-20-         |                 |                 |
|                           |                 |                                |                           | 20ficorp-01-n-c3-a3o-20p\OneDrive_1_04-10-2025.zip |                 |                 |
| 2025-10-04 12:05:48       | IMP_DOC_QUALIS_ | _processar_link                | sharepoint_acesso.py      | Extração concluída na pasta:                       | system          | information     |
|                           |                 |                                |                           | data\downloads\fibrasacombr-sharepoint-com-sites-  |                 |                 |
|                           |                 |                                |                           | ged-documentossolicitacoes-                        |                 |                 |
|                           |                 |                                |                           | corporativo-20-20ficorp-01-n-c3-a3o-20p            |                 |                 |
| 2025-10-04 12:05:49       | IMP_DOC_QUALIS_ | confere_conexao_do_banco       | tabela_documentos_ged.py  | db_manager está conectado                          | system          | information     |
| 2025-10-04 12:05:50       | IMP_DOC_QUALIS_ | atualizar_status               | tabela_documentos_ged.py  | Status atualizado para PROCESSADO: https://fibrasa | system          | information     |
|                           |                 |                                |                           | combr.sharepoint.com/sites/GED/DocumentosSolicitac |                 |                 |
|                           |                 |                                |                           | oes/Corporativo%20-                                |                 |                 |
|                           |                 |                                |                           | %20FICORP/01.N%C3%A3o%20Publicados                 |                 |                 |
| 2025-10-04 12:05:50       | IMP_DOC_QUALIS_ | _atualizar_status              | sharepoint_acesso.py      | Status do link https://fibrasacombr.sharepoint.com | system          | information     |
|                           |                 |                                |                           | /sites/GED/DocumentosSolicitacoes/Corporativo%20-  |                 |                 |
|                           |                 |                                |                           | %20FICORP/01.N%C3%A3o%20Publicados atualizado para |                 |                 |
|                           |                 |                                |                           | PROCESSADO                                         |                 |                 |
| 2025-10-04 12:06:21       | IMP_DOC_QUALIS_ | _processar_link                | sharepoint_acesso.py      | Erro ao processar link 1/154: https://fibrasacombr | system          | failure         |
|                           |                 |                                |                           | .sharepoint.com/sites/GED/DocumentosSolicitacoes/C |                 |                 |
|                           |                 |                                |                           | orporativo%20-%20FICORP/01.N%C3%A3o%20Publicados - |                 |                 |
|                           |                 |                                |                           | Timeout 30000ms exceeded. - LN 171 em              |                 |                 |
|                           |                 |                                |                           | sharepoint_acesso.py                               |                 |                 |
| 2025-10-04 12:06:21       | IMP_DOC_QUALIS_ | confere_conexao_do_banco       | tabela_documentos_ged.py  | db_manager está conectado                          | system          | information     |
| 2025-10-04 12:06:22       | IMP_DOC_QUALIS_ | atualizar_status               | tabela_documentos_ged.py  | Status atualizado para FALHOU: https://fibrasacomb | system          | information     |
|                           |                 |                                |                           | r.sharepoint.com/sites/GED/DocumentosSolicitacoes/ |                 |                 |
|                           |                 |                                |                           | Corporativo%20-%20FICORP/01.N%C3%A3o%20Publicados  |                 |                 |
| 2025-10-04 12:06:23       | IMP_DOC_QUALIS_ | _atualizar_status              | sharepoint_acesso.py      | Status do link https://fibrasacombr.sharepoint.com | system          | information     |
|                           |                 |                                |                           | /sites/GED/DocumentosSolicitacoes/Corporativo%20-  |                 |                 |
|                           |                 |                                |                           | %20FICORP/01.N%C3%A3o%20Publicados atualizado para |                 |                 |
|                           |                 |                                |                           | FALHOU (Erro: Timeout 30000ms exceeded.)           |                 |                 |
| 2025-10-04 12:06:23       | IMP_DOC_QUALIS_ | executar_acesso_sharepoint     | sharepoint_acesso.py      | Tentativa 1/2 falhou para link 1/154               | system          | warning         |
+---------------------------+-----------------+--------------------------------+---------------------------+----------------------------------------------------+-----------------+-----------------+
