+---------------------------+-----------------+--------------------------------+---------------------------+----------------------------------------------------+-----------------+-----------------+
|         TIMESTAMP         |       TASK      |            FUNCTION            |            FILE           |                       MESSAGE                      |   PROCESS_TYPE  |      STATUS     |
+---------------------------+-----------------+--------------------------------+---------------------------+----------------------------------------------------+-----------------+-----------------+
| 2025-10-02 12:10:00       | IMP_DOC_QUALIS_ | connect                        | databasesrc.py            | dcConfig disponível: ['dbconnstr', 'dbschema',     | system          | information     |
|                           |                 |                                |                           | 'projectname', 'folderlog', 'logtablename',        |                 |                 |
|                           |                 |                                |                           | 'databasename', 'tabdocumentosged', 'url_inicial', |                 |                 |
|                           |                 |                                |                           | 'url_api_processo', 'database']                    |                 |                 |
| 2025-10-02 12:10:01       | IMP_DOC_QUALIS_ | connect                        | databasesrc.py            | :::Processo de Conexão Iniciado:::                 | system          | information     |
| 2025-10-02 12:10:02       | IMP_DOC_QUALIS_ | connect                        | databasesrc.py            | Conectado com sucesso ao PostgreSQL: PostgreSQL    | system          | success         |
|                           |                 |                                |                           | 17.6 on aarch64-unknown-linux-gnu, comp            |                 |                 |
| 2025-10-02 12:10:03       | IMP_DOC_QUALIS_ | verifica_arq_existe            | planilha_processar.py     | Não existe arquivo .xlsx na pasta                  | system          | critical        |
|                           |                 |                                |                           | data\input\Capturados - LN 279 em                  |                 |                 |
|                           |                 |                                |                           | planilha_processar.py                              |                 |                 |
+---------------------------+-----------------+--------------------------------+---------------------------+----------------------------------------------------+-----------------+-----------------+
| 2025-10-02 12:10:03       | IMP_DOC_QUALIS_ | Main                           | main.py                   | Planilha de Processamento não encontrada ou Vazia  | system          | critical        |
|                           |                 |                                |                           | - LN 22 em main.py                                 |                 |                 |
+---------------------------+-----------------+--------------------------------+---------------------------+----------------------------------------------------+-----------------+-----------------+
| 2025-10-02 12:10:04       | IMP_DOC_QUALIS_ | confere_conexao_do_banco       | sharepoint_acesso.py      | db_manager está conectado                          | system          | information     |
| 2025-10-02 12:10:05       | IMP_DOC_QUALIS_ | _obter_links_do_banco          | sharepoint_acesso.py      | Pesquisando pelo status: PENDENTE                  | system          | information     |
| 2025-10-02 12:10:05       | IMP_DOC_QUALIS_ | _obter_links_do_banco          | sharepoint_acesso.py      | 1 links obtidos do banco                           | system          | information     |
| 2025-10-02 12:10:06       | IMP_DOC_QUALIS_ | _inicializar_navegador         | sharepoint_acesso.py      | Abrindo o navegador                                | system          | information     |
| 2025-10-02 12:10:12       | IMP_DOC_QUALIS_ | _acessar_sharepoint            | sharepoint_acesso.py      | Acessando URL: https://fibrasacombr.sharepoint.com | system          | information     |
|                           |                 |                                |                           | /sites/GED/DocumentosSolicitacoes/Corporativo%20-  |                 |                 |
|                           |                 |                                |                           | %20FICORP/01.N%C3%A3o%20Publicados                 |                 |                 |
| 2025-10-02 12:10:14       | IMP_DOC_QUALIS_ | _acessar_sharepoint            | sharepoint_acesso.py      | Erro ao acessar URL: Page.goto: net::ERR_ABORTED;  | system          | failure         |
|                           |                 |                                |                           | maybe frame was detached? Call log:   - navigating |                 |                 |
|                           |                 |                                |                           | to "https://fibrasacombr.sharepoint.com/sites/GED/ |                 |                 |
|                           |                 |                                |                           | DocumentosSolicitacoes/Corporativo%20-             |                 |                 |
|                           |                 |                                |                           | %20FICORP/01.N%C3%A3o%20Publicados", waiting until |                 |                 |
|                           |                 |                                |                           | "load"  - LN 112 em sharepoint_acesso.py           |                 |                 |
| 2025-10-02 12:10:14       | IMP_DOC_QUALIS_ | executar_download_sharepoint   | sharepoint_acesso.py      | Erro geral: Falha ao acessar link inicial - LN 262 | system          | failure         |
|                           |                 |                                |                           | em sharepoint_acesso.py                            |                 |                 |
| 2025-10-02 12:10:15       | IMP_DOC_QUALIS_ | _finalizar_navegador           | sharepoint_acesso.py      | Recursos finalizados com sucesso                   | system          | information     |
| 2025-10-02 12:10:15       | IMP_DOC_QUALIS_ | executar_download_sharepoint   | sharepoint_acesso.py      | Tentando novamente...                              | system          | information     |
+---------------------------+-----------------+--------------------------------+---------------------------+----------------------------------------------------+-----------------+-----------------+
