+---------------------------+-----------------+--------------------------------+---------------------------+----------------------------------------------------+-----------------+-----------------+
|         TIMESTAMP         |       TASK      |            FUNCTION            |            FILE           |                       MESSAGE                      |   PROCESS_TYPE  |      STATUS     |
+---------------------------+-----------------+--------------------------------+---------------------------+----------------------------------------------------+-----------------+-----------------+
| 2025-10-02 12:47:10       | IMP_DOC_QUALIS_ | connect                        | databasesrc.py            | dcConfig disponível: ['dbconnstr', 'dbschema',     | system          | information     |
|                           |                 |                                |                           | 'projectname', 'folderlog', 'logtablename',        |                 |                 |
|                           |                 |                                |                           | 'databasename', 'tabdocumentosged', 'url_inicial', |                 |                 |
|                           |                 |                                |                           | 'url_api_processo', 'database']                    |                 |                 |
| 2025-10-02 12:47:10       | IMP_DOC_QUALIS_ | connect                        | databasesrc.py            | :::Processo de Conexão Iniciado:::                 | system          | information     |
| 2025-10-02 12:47:12       | IMP_DOC_QUALIS_ | connect                        | databasesrc.py            | Conectado com sucesso ao PostgreSQL: PostgreSQL    | system          | success         |
|                           |                 |                                |                           | 17.6 on aarch64-unknown-linux-gnu, comp            |                 |                 |
| 2025-10-02 12:47:13       | IMP_DOC_QUALIS_ | verifica_arq_existe            | planilha_processar.py     | Não existe arquivo .xlsx na pasta                  | system          | critical        |
|                           |                 |                                |                           | data\input\Capturados - LN 279 em                  |                 |                 |
|                           |                 |                                |                           | planilha_processar.py                              |                 |                 |
+---------------------------+-----------------+--------------------------------+---------------------------+----------------------------------------------------+-----------------+-----------------+
| 2025-10-02 12:47:13       | IMP_DOC_QUALIS_ | Main                           | main.py                   | Planilha de Processamento não encontrada ou Vazia  | system          | critical        |
|                           |                 |                                |                           | - LN 22 em main.py                                 |                 |                 |
+---------------------------+-----------------+--------------------------------+---------------------------+----------------------------------------------------+-----------------+-----------------+
| 2025-10-02 12:47:14       | IMP_DOC_QUALIS_ | confere_conexao_do_banco       | sharepoint_acesso.py      | db_manager está conectado                          | system          | information     |
| 2025-10-02 12:47:14       | IMP_DOC_QUALIS_ | _obter_links_do_banco          | sharepoint_acesso.py      | Pesquisando pelo status: PENDENTE                  | system          | information     |
| 2025-10-02 12:47:15       | IMP_DOC_QUALIS_ | _obter_links_do_banco          | sharepoint_acesso.py      | 154 links obtidos do banco                         | system          | information     |
| 2025-10-02 12:47:15       | IMP_DOC_QUALIS_ | executar_acesso_sharepoint     | sharepoint_acesso.py      | === TENTATIVA 1 DE 3 ===                           | system          | information     |
| 2025-10-02 12:47:16       | IMP_DOC_QUALIS_ | _inicializar_navegador         | sharepoint_acesso.py      | Abrindo o navegador                                | system          | information     |
| 2025-10-02 12:47:19       | IMP_DOC_QUALIS_ | _acessar_sharepoint            | sharepoint_acesso.py      | Acessando URL: https://fibrasacombr.sharepoint.com | system          | information     |
|                           |                 |                                |                           | /sites/GED/DocumentosSolicitacoes/Corporativo%20-  |                 |                 |
|                           |                 |                                |                           | %20FICORP/01.N%C3%A3o%20Publicados                 |                 |                 |
| 2025-10-02 12:47:21       | IMP_DOC_QUALIS_ | _efetuar_login                 | sharepoint_acesso.py      | Efetuando login                                    | system          | information     |
| 2025-10-02 12:47:23       | IMP_DOC_QUALIS_ | executar_acesso_sharepoint     | sharepoint_acesso.py      | Mantendo o navegador no primeiro link para         | system          | information     |
|                           |                 |                                |                           | análise, sem navegar para os demais links          |                 |                 |
| 2025-10-02 12:47:24       | IMP_DOC_QUALIS_ | executar_acesso_sharepoint     | sharepoint_acesso.py      | Tentando selecionar todas as linhas na grade       | system          | information     |
| 2025-10-02 12:47:36       | IMP_DOC_QUALIS_ | executar_acesso_sharepoint     | sharepoint_acesso.py      | Não foi possível selecionar todas as linhas:       | system          | failure         |
|                           |                 |                                |                           | Locator.wait_for: Timeout 10000ms exceeded. Call   |                 |                 |
|                           |                 |                                |                           | log:   - waiting for get_by_role("gridcell",       |                 |                 |
|                           |                 |                                |                           | name="Selecionar todas as linhas ") to be visible |                 |                 |
|                           |                 |                                |                           | - LN 184 em sharepoint_acesso.py                   |                 |                 |
+---------------------------+-----------------+--------------------------------+---------------------------+----------------------------------------------------+-----------------+-----------------+
