+---------------------------+-----------------+--------------------------------+---------------------------+----------------------------------------------------+-----------------+-----------------+
|         TIMESTAMP         |       TASK      |            FUNCTION            |            FILE           |                       MESSAGE                      |   PROCESS_TYPE  |      STATUS     |
+---------------------------+-----------------+--------------------------------+---------------------------+----------------------------------------------------+-----------------+-----------------+
| 2025-10-02 09:30:21       | IMP_DOC_QUALIS_ | connect                        | databasesrc.py            | dcConfig disponível: ['dbconnstr', 'dbschema',     | system          | information     |
|                           |                 |                                |                           | 'projectname', 'folderlog', 'logtablename',        |                 |                 |
|                           |                 |                                |                           | 'databasename', 'tabdocumentosged', 'url_inicial', |                 |                 |
|                           |                 |                                |                           | 'url_api_processo', 'database']                    |                 |                 |
| 2025-10-02 09:30:21       | IMP_DOC_QUALIS_ | connect                        | databasesrc.py            | :::Processo de Conexão Iniciado:::                 | system          | information     |
| 2025-10-02 09:30:22       | IMP_DOC_QUALIS_ | connect                        | databasesrc.py            | Conectado com sucesso ao PostgreSQL: PostgreSQL    | system          | success         |
|                           |                 |                                |                           | 17.6 on aarch64-unknown-linux-gnu, comp            |                 |                 |
| 2025-10-02 09:30:23       | IMP_DOC_QUALIS_ | verifica_arq_existe            | planilha_processar.py     | Não existe arquivo .xlsx na pasta                  | system          | critical        |
|                           |                 |                                |                           | data\input\Capturados - LN 279 em                  |                 |                 |
|                           |                 |                                |                           | planilha_processar.py                              |                 |                 |
+---------------------------+-----------------+--------------------------------+---------------------------+----------------------------------------------------+-----------------+-----------------+
| 2025-10-02 09:30:23       | IMP_DOC_QUALIS_ | Main                           | main.py                   | Planilha de Processamento não encontrada ou Vazia  | system          | critical        |
|                           |                 |                                |                           | - LN 22 em main.py                                 |                 |                 |
+---------------------------+-----------------+--------------------------------+---------------------------+----------------------------------------------------+-----------------+-----------------+
| 2025-10-02 09:30:24       | IMP_DOC_QUALIS_ | _obter_links_do_banco          | sharepoint_acesso.py      | 154 links obtidos do banco                         | system          | information     |
| 2025-10-02 09:30:25       | IMP_DOC_QUALIS_ | executar_acesso_sharepoint     | sharepoint_acesso.py      | === TENTATIVA 1 DE 3 ===                           | system          | information     |
| 2025-10-02 09:30:25       | IMP_DOC_QUALIS_ | _inicializar_navegador         | sharepoint_acesso.py      | Abrindo o navegador                                | system          | information     |
| 2025-10-02 09:30:31       | IMP_DOC_QUALIS_ | _acessar_sharepoint            | sharepoint_acesso.py      | Acessando URL: https://fibrasacombr.sharepoint.com | system          | information     |
|                           |                 |                                |                           | /sites/GED/DocumentosSolicitacoes/Corporativo%20-  |                 |                 |
|                           |                 |                                |                           | %20FICORP/01.N%C3%A3o%20Publicados                 |                 |                 |
| 2025-10-02 09:30:32       | IMP_DOC_QUALIS_ | _efetuar_login                 | sharepoint_acesso.py      | Efetuando login                                    | system          | information     |
| 2025-10-02 09:30:36       | IMP_DOC_QUALIS_ | executar_acesso_sharepoint     | sharepoint_acesso.py      | Acessando link 2/154                               | system          | information     |
| 2025-10-02 09:30:36       | IMP_DOC_QUALIS_ | _acessar_sharepoint            | sharepoint_acesso.py      | Acessando URL: https://fibrasacombr.sharepoint.com | system          | information     |
|                           |                 |                                |                           | /sites/GED/Documentos%20Compartilhados/1.Corporati |                 |                 |
|                           |                 |                                |                           | vo%20-%20FICORP/Publicados                         |                 |                 |
| 2025-10-02 09:30:41       | IMP_DOC_QUALIS_ | executar_acesso_sharepoint     | sharepoint_acesso.py      | Acessando link 3/154                               | system          | information     |
| 2025-10-02 09:30:42       | IMP_DOC_QUALIS_ | _acessar_sharepoint            | sharepoint_acesso.py      | Acessando URL: https://fibrasacombr.sharepoint.com | system          | information     |
|                           |                 |                                |                           | /sites/GED/DocumentosSolicitacoes/Nordeste%20-     |                 |                 |
|                           |                 |                                |                           | %20FINE/N%C3%A3o%20Publicados                      |                 |                 |
| 2025-10-02 09:30:45       | IMP_DOC_QUALIS_ | executar_acesso_sharepoint     | sharepoint_acesso.py      | Acessando link 4/154                               | system          | information     |
| 2025-10-02 09:30:46       | IMP_DOC_QUALIS_ | _acessar_sharepoint            | sharepoint_acesso.py      | Acessando URL: https://fibrasacombr.sharepoint.com | system          | information     |
|                           |                 |                                |                           | /sites/GED/Documentos%20Compartilhados/2.Nordeste% |                 |                 |
|                           |                 |                                |                           | 20-%20FINE/Publicados                              |                 |                 |
| 2025-10-02 09:30:49       | IMP_DOC_QUALIS_ | executar_acesso_sharepoint     | sharepoint_acesso.py      | Acessando link 5/154                               | system          | information     |
| 2025-10-02 09:30:50       | IMP_DOC_QUALIS_ | _acessar_sharepoint            | sharepoint_acesso.py      | Acessando URL: https://fibrasacombr.sharepoint.com | system          | information     |
|                           |                 |                                |                           | /sites/GED/DocumentosSolicitacoes/Sudeste%20-      |                 |                 |
|                           |                 |                                |                           | %20FIES/N%C3%A3o%20Publicados                      |                 |                 |
| 2025-10-02 09:30:54       | IMP_DOC_QUALIS_ | executar_acesso_sharepoint     | sharepoint_acesso.py      | Acessando link 6/154                               | system          | information     |
| 2025-10-02 09:30:54       | IMP_DOC_QUALIS_ | _acessar_sharepoint            | sharepoint_acesso.py      | Acessando URL: https://fibrasacombr.sharepoint.com | system          | information     |
|                           |                 |                                |                           | /sites/GED/Documentos%20Compartilhados/3.Sudeste%2 |                 |                 |
|                           |                 |                                |                           | 0-%20FIES/Publicados                               |                 |                 |
| 2025-10-02 09:30:58       | IMP_DOC_QUALIS_ | executar_acesso_sharepoint     | sharepoint_acesso.py      | Acessando link 7/154                               | system          | information     |
| 2025-10-02 09:30:58       | IMP_DOC_QUALIS_ | _acessar_sharepoint            | sharepoint_acesso.py      | Acessando URL: https://fibrasacombr.sharepoint.com | system          | information     |
|                           |                 |                                |                           | /sites/GED/DocumentosSolicitacoes/Corporativo%20-  |                 |                 |
|                           |                 |                                |                           | %20FICORP/01.N%C3%A3o%20Publicados/DAF%20-         |                 |                 |
|                           |                 |                                |                           | %20DIRETORIA%20ADM%20FINANCEIRA                    |                 |                 |
| 2025-10-02 09:31:02       | IMP_DOC_QUALIS_ | executar_acesso_sharepoint     | sharepoint_acesso.py      | Acessando link 8/154                               | system          | information     |
| 2025-10-02 09:31:03       | IMP_DOC_QUALIS_ | _acessar_sharepoint            | sharepoint_acesso.py      | Acessando URL: https://fibrasacombr.sharepoint.com | system          | information     |
|                           |                 |                                |                           | /sites/GED/DocumentosSolicitacoes/Corporativo%20-  |                 |                 |
|                           |                 |                                |                           | %20FICORP/01.N%C3%A3o%20Publicados/EOF%20-         |                 |                 |
|                           |                 |                                |                           | %20EXCELENCIA%20OPERACIONAL%20FIBRASA              |                 |                 |
| 2025-10-02 09:31:06       | IMP_DOC_QUALIS_ | executar_acesso_sharepoint     | sharepoint_acesso.py      | Acessando link 9/154                               | system          | information     |
| 2025-10-02 09:31:06       | IMP_DOC_QUALIS_ | _acessar_sharepoint            | sharepoint_acesso.py      | Acessando URL: https://fibrasacombr.sharepoint.com | system          | information     |
|                           |                 |                                |                           | /sites/GED/DocumentosSolicitacoes/Corporativo%20-  |                 |                 |
|                           |                 |                                |                           | %20FICORP/01.N%C3%A3o%20Publicados/GEPRO-          |                 |                 |
|                           |                 |                                |                           | %20GER%C3%8ANCIA%20INDUSTRIAL                      |                 |                 |
| 2025-10-02 09:31:12       | IMP_DOC_QUALIS_ | executar_acesso_sharepoint     | sharepoint_acesso.py      | Acessando link 10/154                              | system          | information     |
| 2025-10-02 09:31:12       | IMP_DOC_QUALIS_ | _acessar_sharepoint            | sharepoint_acesso.py      | Acessando URL: https://fibrasacombr.sharepoint.com | system          | information     |
|                           |                 |                                |                           | /sites/GED/DocumentosSolicitacoes/Corporativo%20-  |                 |                 |
|                           |                 |                                |                           | %20FICORP/01.N%C3%A3o%20Publicados/PMO%20-         |                 |                 |
|                           |                 |                                |                           | %20PROJECT%20MANAGEMENT%20OFFICE                   |                 |                 |
| 2025-10-02 09:31:15       | IMP_DOC_QUALIS_ | executar_acesso_sharepoint     | sharepoint_acesso.py      | Acessando link 11/154                              | system          | information     |
| 2025-10-02 09:31:15       | IMP_DOC_QUALIS_ | _acessar_sharepoint            | sharepoint_acesso.py      | Acessando URL: https://fibrasacombr.sharepoint.com | system          | information     |
|                           |                 |                                |                           | /sites/GED/DocumentosSolicitacoes/Corporativo%20-  |                 |                 |
|                           |                 |                                |                           | %20FICORP/01.N%C3%A3o%20Publicados/SEART%20-       |                 |                 |
|                           |                 |                                |                           | %20SETOR%20DE%20ARTES%20GR%C3%81FICAS              |                 |                 |
| 2025-10-02 09:31:18       | IMP_DOC_QUALIS_ | executar_acesso_sharepoint     | sharepoint_acesso.py      | Acessando link 12/154                              | system          | information     |
| 2025-10-02 09:31:18       | IMP_DOC_QUALIS_ | _acessar_sharepoint            | sharepoint_acesso.py      | Acessando URL: https://fibrasacombr.sharepoint.com | system          | information     |
|                           |                 |                                |                           | /sites/GED/DocumentosSolicitacoes/Corporativo%20-  |                 |                 |
|                           |                 |                                |                           | %20FICORP/01.N%C3%A3o%20Publicados/SECOM%20-       |                 |                 |
|                           |                 |                                |                           | %20SETOR%20COMERCIAL                               |                 |                 |
| 2025-10-02 09:31:22       | IMP_DOC_QUALIS_ | executar_acesso_sharepoint     | sharepoint_acesso.py      | Acessando link 13/154                              | system          | information     |
| 2025-10-02 09:31:22       | IMP_DOC_QUALIS_ | _acessar_sharepoint            | sharepoint_acesso.py      | Acessando URL: https://fibrasacombr.sharepoint.com | system          | information     |
|                           |                 |                                |                           | /sites/GED/DocumentosSolicitacoes/Corporativo%20-  |                 |                 |
|                           |                 |                                |                           | %20FICORP/01.N%C3%A3o%20Publicados/SEDES%20-       |                 |                 |
|                           |                 |                                |                           | %20SETOR%20DE%20DESENVOLVIMENTO                    |                 |                 |
| 2025-10-02 09:31:25       | IMP_DOC_QUALIS_ | executar_acesso_sharepoint     | sharepoint_acesso.py      | Acessando link 14/154                              | system          | information     |
| 2025-10-02 09:31:25       | IMP_DOC_QUALIS_ | _acessar_sharepoint            | sharepoint_acesso.py      | Acessando URL: https://fibrasacombr.sharepoint.com | system          | information     |
|                           |                 |                                |                           | /sites/GED/DocumentosSolicitacoes/Corporativo%20-  |                 |                 |
|                           |                 |                                |                           | %20FICORP/01.N%C3%A3o%20Publicados/SEDVP%20-       |                 |                 |
|                           |                 |                                |                           | %20SETOR%20DE%20DIRETORIA%20DA%20VICE%20PRESID%C3% |                 |                 |
|                           |                 |                                |                           | 8ANCIA                                             |                 |                 |
| 2025-10-02 09:31:28       | IMP_DOC_QUALIS_ | executar_acesso_sharepoint     | sharepoint_acesso.py      | Acessando link 15/154                              | system          | information     |
| 2025-10-02 09:31:28       | IMP_DOC_QUALIS_ | _acessar_sharepoint            | sharepoint_acesso.py      | Acessando URL: https://fibrasacombr.sharepoint.com | system          | information     |
|                           |                 |                                |                           | /sites/GED/DocumentosSolicitacoes/Corporativo%20-  |                 |                 |
|                           |                 |                                |                           | %20FICORP/01.N%C3%A3o%20Publicados/SEENG%20-       |                 |                 |
|                           |                 |                                |                           | %20SETOR%20DE%20ENG.%20PROCESSO                    |                 |                 |
| 2025-10-02 09:31:38       | IMP_DOC_QUALIS_ | executar_acesso_sharepoint     | sharepoint_acesso.py      | Acessando link 16/154                              | system          | information     |
| 2025-10-02 09:31:39       | IMP_DOC_QUALIS_ | _acessar_sharepoint            | sharepoint_acesso.py      | Acessando URL: https://fibrasacombr.sharepoint.com | system          | information     |
|                           |                 |                                |                           | /sites/GED/DocumentosSolicitacoes/Corporativo%20-  |                 |                 |
|                           |                 |                                |                           | %20FICORP/01.N%C3%A3o%20Publicados/SEEXP%20-       |                 |                 |
|                           |                 |                                |                           | %20SETOR%20DE%20EXPEDICAO                          |                 |                 |
| 2025-10-02 09:31:41       | IMP_DOC_QUALIS_ | executar_acesso_sharepoint     | sharepoint_acesso.py      | Acessando link 17/154                              | system          | information     |
| 2025-10-02 09:31:42       | IMP_DOC_QUALIS_ | _acessar_sharepoint            | sharepoint_acesso.py      | Acessando URL: https://fibrasacombr.sharepoint.com | system          | information     |
|                           |                 |                                |                           | /sites/GED/DocumentosSolicitacoes/Corporativo%20-  |                 |                 |
|                           |                 |                                |                           | %20FICORP/01.N%C3%A3o%20Publicados/SEFER%20-       |                 |                 |
|                           |                 |                                |                           | %20SETOR%20DE%20FERRAMENTARIA                      |                 |                 |
| 2025-10-02 09:31:44       | IMP_DOC_QUALIS_ | executar_acesso_sharepoint     | sharepoint_acesso.py      | Acessando link 18/154                              | system          | information     |
| 2025-10-02 09:31:45       | IMP_DOC_QUALIS_ | _acessar_sharepoint            | sharepoint_acesso.py      | Acessando URL: https://fibrasacombr.sharepoint.com | system          | information     |
|                           |                 |                                |                           | /sites/GED/DocumentosSolicitacoes/Corporativo%20-  |                 |                 |
|                           |                 |                                |                           | %20FICORP/01.N%C3%A3o%20Publicados/SEGRC%20-       |                 |                 |
|                           |                 |                                |                           | %20SETOR%20DE%20GEST%C3%83O%20DE%20RISCO%20E%20COM |                 |                 |
|                           |                 |                                |                           | PLIANCE                                            |                 |                 |
| 2025-10-02 09:31:48       | IMP_DOC_QUALIS_ | executar_acesso_sharepoint     | sharepoint_acesso.py      | Acessando link 19/154                              | system          | information     |
| 2025-10-02 09:31:48       | IMP_DOC_QUALIS_ | _acessar_sharepoint            | sharepoint_acesso.py      | Acessando URL: https://fibrasacombr.sharepoint.com | system          | information     |
|                           |                 |                                |                           | /sites/GED/DocumentosSolicitacoes/Corporativo%20-  |                 |                 |
|                           |                 |                                |                           | %20FICORP/01.N%C3%A3o%20Publicados/SEIMP%20-       |                 |                 |
|                           |                 |                                |                           | %20SETOR%20DE%20IMPRESSAO                          |                 |                 |
| 2025-10-02 09:31:51       | IMP_DOC_QUALIS_ | executar_acesso_sharepoint     | sharepoint_acesso.py      | Acessando link 20/154                              | system          | information     |
| 2025-10-02 09:31:52       | IMP_DOC_QUALIS_ | _acessar_sharepoint            | sharepoint_acesso.py      | Acessando URL: https://fibrasacombr.sharepoint.com | system          | information     |
|                           |                 |                                |                           | /sites/GED/DocumentosSolicitacoes/Corporativo%20-  |                 |                 |
|                           |                 |                                |                           | %20FICORP/01.N%C3%A3o%20Publicados/SEINJ%20%E2%80% |                 |                 |
|                           |                 |                                |                           | 93%20SETOR%20DE%20INJECAO                          |                 |                 |
| 2025-10-02 09:31:54       | IMP_DOC_QUALIS_ | executar_acesso_sharepoint     | sharepoint_acesso.py      | Acessando link 21/154                              | system          | information     |
| 2025-10-02 09:31:55       | IMP_DOC_QUALIS_ | _acessar_sharepoint            | sharepoint_acesso.py      | Acessando URL: https://fibrasacombr.sharepoint.com | system          | information     |
|                           |                 |                                |                           | /sites/GED/DocumentosSolicitacoes/Corporativo%20-  |                 |                 |
|                           |                 |                                |                           | %20FICORP/01.N%C3%A3o%20Publicados/SEMAN%20-       |                 |                 |
|                           |                 |                                |                           | %20SETOR%20DE%20MANUTENCAO                         |                 |                 |
| 2025-10-02 09:31:57       | IMP_DOC_QUALIS_ | executar_acesso_sharepoint     | sharepoint_acesso.py      | Acessando link 22/154                              | system          | information     |
| 2025-10-02 09:31:58       | IMP_DOC_QUALIS_ | _acessar_sharepoint            | sharepoint_acesso.py      | Acessando URL: https://fibrasacombr.sharepoint.com | system          | information     |
|                           |                 |                                |                           | /sites/GED/DocumentosSolicitacoes/Corporativo%20-  |                 |                 |
|                           |                 |                                |                           | %20FICORP/01.N%C3%A3o%20Publicados/SEPAT%20%E2%80% |                 |                 |
|                           |                 |                                |                           | 93%20SETOR%20DE%20ASSISTENCIA%20TECNICA            |                 |                 |
| 2025-10-02 09:32:00       | IMP_DOC_QUALIS_ | executar_acesso_sharepoint     | sharepoint_acesso.py      | Acessando link 23/154                              | system          | information     |
| 2025-10-02 09:32:01       | IMP_DOC_QUALIS_ | _acessar_sharepoint            | sharepoint_acesso.py      | Acessando URL: https://fibrasacombr.sharepoint.com | system          | information     |
|                           |                 |                                |                           | /sites/GED/DocumentosSolicitacoes/Corporativo%20-  |                 |                 |
|                           |                 |                                |                           | %20FICORP/01.N%C3%A3o%20Publicados/SEPCP%20-       |                 |                 |
|                           |                 |                                |                           | %20SETOR%20DE%20PLANEJAMENTO                       |                 |                 |
| 2025-10-02 09:32:04       | IMP_DOC_QUALIS_ | executar_acesso_sharepoint     | sharepoint_acesso.py      | Acessando link 24/154                              | system          | information     |
| 2025-10-02 09:32:04       | IMP_DOC_QUALIS_ | _acessar_sharepoint            | sharepoint_acesso.py      | Acessando URL: https://fibrasacombr.sharepoint.com | system          | information     |
|                           |                 |                                |                           | /sites/GED/DocumentosSolicitacoes/Corporativo%20-  |                 |                 |
|                           |                 |                                |                           | %20FICORP/01.N%C3%A3o%20Publicados/SEPRC%20-       |                 |                 |
|                           |                 |                                |                           | %20SETOR%20PROCESSO%20DE%20PRODU%C3%87%C3%83O      |                 |                 |
| 2025-10-02 09:32:07       | IMP_DOC_QUALIS_ | executar_acesso_sharepoint     | sharepoint_acesso.py      | Acessando link 25/154                              | system          | information     |
| 2025-10-02 09:32:07       | IMP_DOC_QUALIS_ | _acessar_sharepoint            | sharepoint_acesso.py      | Acessando URL: https://fibrasacombr.sharepoint.com | system          | information     |
|                           |                 |                                |                           | /sites/GED/DocumentosSolicitacoes/Corporativo%20-  |                 |                 |
|                           |                 |                                |                           | %20FICORP/01.N%C3%A3o%20Publicados/SEPRO%20-       |                 |                 |
|                           |                 |                                |                           | %20SETOR%20DE%20PROJETOS%20E%20DESENVOLVIMENTO     |                 |                 |
| 2025-10-02 09:32:09       | IMP_DOC_QUALIS_ | executar_acesso_sharepoint     | sharepoint_acesso.py      | Acessando link 26/154                              | system          | information     |
| 2025-10-02 09:32:10       | IMP_DOC_QUALIS_ | _acessar_sharepoint            | sharepoint_acesso.py      | Acessando URL: https://fibrasacombr.sharepoint.com | system          | information     |
|                           |                 |                                |                           | /sites/GED/DocumentosSolicitacoes/Corporativo%20-  |                 |                 |
|                           |                 |                                |                           | %20FICORP/01.N%C3%A3o%20Publicados/SEQUA%20-       |                 |                 |
|                           |                 |                                |                           | %20SETOR%20DE%20QUALIDADE                          |                 |                 |
| 2025-10-02 09:32:12       | IMP_DOC_QUALIS_ | executar_acesso_sharepoint     | sharepoint_acesso.py      | Acessando link 27/154                              | system          | information     |
| 2025-10-02 09:32:13       | IMP_DOC_QUALIS_ | _acessar_sharepoint            | sharepoint_acesso.py      | Acessando URL: https://fibrasacombr.sharepoint.com | system          | information     |
|                           |                 |                                |                           | /sites/GED/DocumentosSolicitacoes/Corporativo%20-  |                 |                 |
|                           |                 |                                |                           | %20FICORP/01.N%C3%A3o%20Publicados/SETER%20-       |                 |                 |
|                           |                 |                                |                           | %20SETOR%20DE%20TERMOFORMAGEM                      |                 |                 |
| 2025-10-02 09:32:16       | IMP_DOC_QUALIS_ | executar_acesso_sharepoint     | sharepoint_acesso.py      | Acessando link 28/154                              | system          | information     |
| 2025-10-02 09:32:16       | IMP_DOC_QUALIS_ | _acessar_sharepoint            | sharepoint_acesso.py      | Acessando URL: https://fibrasacombr.sharepoint.com | system          | information     |
|                           |                 |                                |                           | /sites/GED/DocumentosSolicitacoes/Corporativo%20-  |                 |                 |
|                           |                 |                                |                           | %20FICORP/01.N%C3%A3o%20Publicados/SETRU%20-       |                 |                 |
|                           |                 |                                |                           | %20SETOR%20DE%20EXTRUSAO                           |                 |                 |
| 2025-10-02 09:32:19       | IMP_DOC_QUALIS_ | executar_acesso_sharepoint     | sharepoint_acesso.py      | Acessando link 29/154                              | system          | information     |
| 2025-10-02 09:32:19       | IMP_DOC_QUALIS_ | _acessar_sharepoint            | sharepoint_acesso.py      | Acessando URL: https://fibrasacombr.sharepoint.com | system          | information     |
|                           |                 |                                |                           | /sites/GED/DocumentosSolicitacoes/Corporativo%20-  |                 |                 |
|                           |                 |                                |                           | %20FICORP/01.N%C3%A3o%20Publicados/SSMA%20-        |                 |                 |
|                           |                 |                                |                           | %20SETOR%20DE%20SEGURANCA,%20SAUDE%20E%20MEIO%20AM |                 |                 |
|                           |                 |                                |                           | BIENTE                                             |                 |                 |
| 2025-10-02 09:32:22       | IMP_DOC_QUALIS_ | executar_acesso_sharepoint     | sharepoint_acesso.py      | Acessando link 30/154                              | system          | information     |
| 2025-10-02 09:32:22       | IMP_DOC_QUALIS_ | _acessar_sharepoint            | sharepoint_acesso.py      | Acessando URL: https://fibrasacombr.sharepoint.com | system          | information     |
|                           |                 |                                |                           | /sites/GED/Documentos%20Compartilhados/1.Corporati |                 |                 |
|                           |                 |                                |                           | vo%20-%20FICORP/Publicados/DAF%20-                 |                 |                 |
|                           |                 |                                |                           | %20DIRETORIA%20ADM%20FINANCEIRA                    |                 |                 |
| 2025-10-02 09:32:25       | IMP_DOC_QUALIS_ | executar_acesso_sharepoint     | sharepoint_acesso.py      | Acessando link 31/154                              | system          | information     |
| 2025-10-02 09:32:26       | IMP_DOC_QUALIS_ | _acessar_sharepoint            | sharepoint_acesso.py      | Acessando URL: https://fibrasacombr.sharepoint.com | system          | information     |
|                           |                 |                                |                           | /sites/GED/Documentos%20Compartilhados/1.Corporati |                 |                 |
|                           |                 |                                |                           | vo%20-%20FICORP/Publicados/EOF%20-                 |                 |                 |
|                           |                 |                                |                           | %20EXCELENCIA%20OPERACIONAL%20FIBRASA              |                 |                 |
| 2025-10-02 09:32:29       | IMP_DOC_QUALIS_ | executar_acesso_sharepoint     | sharepoint_acesso.py      | Acessando link 32/154                              | system          | information     |
| 2025-10-02 09:32:29       | IMP_DOC_QUALIS_ | _acessar_sharepoint            | sharepoint_acesso.py      | Acessando URL: https://fibrasacombr.sharepoint.com | system          | information     |
|                           |                 |                                |                           | /sites/GED/Documentos%20Compartilhados/1.Corporati |                 |                 |
|                           |                 |                                |                           | vo%20-%20FICORP/Publicados/GEPRO%20-               |                 |                 |
|                           |                 |                                |                           | %20GERENCIA%20DE%20PRODUCAO                        |                 |                 |
| 2025-10-02 09:32:32       | IMP_DOC_QUALIS_ | executar_acesso_sharepoint     | sharepoint_acesso.py      | Acessando link 33/154                              | system          | information     |
| 2025-10-02 09:32:32       | IMP_DOC_QUALIS_ | _acessar_sharepoint            | sharepoint_acesso.py      | Acessando URL: https://fibrasacombr.sharepoint.com | system          | information     |
|                           |                 |                                |                           | /sites/GED/Documentos%20Compartilhados/1.Corporati |                 |                 |
|                           |                 |                                |                           | vo%20-%20FICORP/Publicados/PMO%20-                 |                 |                 |
|                           |                 |                                |                           | %20PROJECT%20MANAGEMENT%20OFFICE                   |                 |                 |
| 2025-10-02 09:32:35       | IMP_DOC_QUALIS_ | executar_acesso_sharepoint     | sharepoint_acesso.py      | Acessando link 34/154                              | system          | information     |
| 2025-10-02 09:32:35       | IMP_DOC_QUALIS_ | _acessar_sharepoint            | sharepoint_acesso.py      | Acessando URL: https://fibrasacombr.sharepoint.com | system          | information     |
|                           |                 |                                |                           | /sites/GED/Documentos%20Compartilhados/1.Corporati |                 |                 |
|                           |                 |                                |                           | vo%20-%20FICORP/Publicados/SEART%20-               |                 |                 |
|                           |                 |                                |                           | %20SETOR%20DE%20ARTES%20GR%C3%81FICAS              |                 |                 |
| 2025-10-02 09:32:38       | IMP_DOC_QUALIS_ | executar_acesso_sharepoint     | sharepoint_acesso.py      | Acessando link 35/154                              | system          | information     |
| 2025-10-02 09:32:38       | IMP_DOC_QUALIS_ | _acessar_sharepoint            | sharepoint_acesso.py      | Acessando URL: https://fibrasacombr.sharepoint.com | system          | information     |
|                           |                 |                                |                           | /sites/GED/Documentos%20Compartilhados/1.Corporati |                 |                 |
|                           |                 |                                |                           | vo%20-%20FICORP/Publicados/SECOM%20-               |                 |                 |
|                           |                 |                                |                           | %20SETOR%20COMERCIAL                               |                 |                 |
| 2025-10-02 09:32:41       | IMP_DOC_QUALIS_ | executar_acesso_sharepoint     | sharepoint_acesso.py      | Acessando link 36/154                              | system          | information     |
| 2025-10-02 09:32:41       | IMP_DOC_QUALIS_ | _acessar_sharepoint            | sharepoint_acesso.py      | Acessando URL: https://fibrasacombr.sharepoint.com | system          | information     |
|                           |                 |                                |                           | /sites/GED/Documentos%20Compartilhados/1.Corporati |                 |                 |
|                           |                 |                                |                           | vo%20-%20FICORP/Publicados/SEDES%20-               |                 |                 |
|                           |                 |                                |                           | %20SETOR%20DE%20DESENVOLVIMENTO                    |                 |                 |
| 2025-10-02 09:32:44       | IMP_DOC_QUALIS_ | executar_acesso_sharepoint     | sharepoint_acesso.py      | Acessando link 37/154                              | system          | information     |
| 2025-10-02 09:32:45       | IMP_DOC_QUALIS_ | _acessar_sharepoint            | sharepoint_acesso.py      | Acessando URL: https://fibrasacombr.sharepoint.com | system          | information     |
|                           |                 |                                |                           | /sites/GED/Documentos%20Compartilhados/1.Corporati |                 |                 |
|                           |                 |                                |                           | vo%20-%20FICORP/Publicados/SEDVP-                  |                 |                 |
|                           |                 |                                |                           | %20SETOR%20DE%20DIRETORIA%20DA%20VICE%20PRESID%C3% |                 |                 |
|                           |                 |                                |                           | 8ANCIA                                             |                 |                 |
| 2025-10-02 09:32:47       | IMP_DOC_QUALIS_ | executar_acesso_sharepoint     | sharepoint_acesso.py      | Acessando link 38/154                              | system          | information     |
| 2025-10-02 09:32:48       | IMP_DOC_QUALIS_ | _acessar_sharepoint            | sharepoint_acesso.py      | Acessando URL: https://fibrasacombr.sharepoint.com | system          | information     |
|                           |                 |                                |                           | /sites/GED/Documentos%20Compartilhados/1.Corporati |                 |                 |
|                           |                 |                                |                           | vo%20-%20FICORP/Publicados/SEENG%20-               |                 |                 |
|                           |                 |                                |                           | %20SETOR%20DE%20ENG.%20PROCESSO                    |                 |                 |
| 2025-10-02 09:32:50       | IMP_DOC_QUALIS_ | executar_acesso_sharepoint     | sharepoint_acesso.py      | Acessando link 39/154                              | system          | information     |
| 2025-10-02 09:32:51       | IMP_DOC_QUALIS_ | _acessar_sharepoint            | sharepoint_acesso.py      | Acessando URL: https://fibrasacombr.sharepoint.com | system          | information     |
|                           |                 |                                |                           | /sites/GED/Documentos%20Compartilhados/1.Corporati |                 |                 |
|                           |                 |                                |                           | vo%20-%20FICORP/Publicados/SEEXP%20-               |                 |                 |
|                           |                 |                                |                           | %20SETOR%20DE%20EXPEDICAO                          |                 |                 |
| 2025-10-02 09:32:54       | IMP_DOC_QUALIS_ | executar_acesso_sharepoint     | sharepoint_acesso.py      | Acessando link 40/154                              | system          | information     |
| 2025-10-02 09:32:54       | IMP_DOC_QUALIS_ | _acessar_sharepoint            | sharepoint_acesso.py      | Acessando URL: https://fibrasacombr.sharepoint.com | system          | information     |
|                           |                 |                                |                           | /sites/GED/Documentos%20Compartilhados/1.Corporati |                 |                 |
|                           |                 |                                |                           | vo%20-%20FICORP/Publicados/SEFER%20-               |                 |                 |
|                           |                 |                                |                           | %20SETOR%20DE%20FERRAMENTARIA                      |                 |                 |
| 2025-10-02 09:32:57       | IMP_DOC_QUALIS_ | executar_acesso_sharepoint     | sharepoint_acesso.py      | Acessando link 41/154                              | system          | information     |
| 2025-10-02 09:32:58       | IMP_DOC_QUALIS_ | _acessar_sharepoint            | sharepoint_acesso.py      | Acessando URL: https://fibrasacombr.sharepoint.com | system          | information     |
|                           |                 |                                |                           | /sites/GED/Documentos%20Compartilhados/1.Corporati |                 |                 |
|                           |                 |                                |                           | vo%20-%20FICORP/Publicados/SEGRC-                  |                 |                 |
|                           |                 |                                |                           | %20SETOR%20GEST%C3%83O%20DE%20RISCO%20E%20COMPLIAN |                 |                 |
|                           |                 |                                |                           | CE                                                 |                 |                 |
| 2025-10-02 09:33:01       | IMP_DOC_QUALIS_ | executar_acesso_sharepoint     | sharepoint_acesso.py      | Acessando link 42/154                              | system          | information     |
| 2025-10-02 09:33:01       | IMP_DOC_QUALIS_ | _acessar_sharepoint            | sharepoint_acesso.py      | Acessando URL: https://fibrasacombr.sharepoint.com | system          | information     |
|                           |                 |                                |                           | /sites/GED/Documentos%20Compartilhados/1.Corporati |                 |                 |
|                           |                 |                                |                           | vo%20-%20FICORP/Publicados/SEIMP%20-               |                 |                 |
|                           |                 |                                |                           | %20SETOR%20DE%20IMPRESSAO                          |                 |                 |
| 2025-10-02 09:33:04       | IMP_DOC_QUALIS_ | executar_acesso_sharepoint     | sharepoint_acesso.py      | Acessando link 43/154                              | system          | information     |
| 2025-10-02 09:33:04       | IMP_DOC_QUALIS_ | _acessar_sharepoint            | sharepoint_acesso.py      | Acessando URL: https://fibrasacombr.sharepoint.com | system          | information     |
|                           |                 |                                |                           | /sites/GED/Documentos%20Compartilhados/1.Corporati |                 |                 |
|                           |                 |                                |                           | vo%20-                                             |                 |                 |
|                           |                 |                                |                           | %20FICORP/Publicados/SEINJ%20%E2%80%93%20SEKASE%20 |                 |                 |
|                           |                 |                                |                           | %E2%80%93%20SETOR%20DE%20INJECAO                   |                 |                 |
| 2025-10-02 09:33:07       | IMP_DOC_QUALIS_ | executar_acesso_sharepoint     | sharepoint_acesso.py      | Acessando link 44/154                              | system          | information     |
| 2025-10-02 09:33:08       | IMP_DOC_QUALIS_ | _acessar_sharepoint            | sharepoint_acesso.py      | Acessando URL: https://fibrasacombr.sharepoint.com | system          | information     |
|                           |                 |                                |                           | /sites/GED/Documentos%20Compartilhados/1.Corporati |                 |                 |
|                           |                 |                                |                           | vo%20-%20FICORP/Publicados/SEMAN%20-               |                 |                 |
|                           |                 |                                |                           | %20SETOR%20DE%20MANUTENCAO                         |                 |                 |
| 2025-10-02 09:33:11       | IMP_DOC_QUALIS_ | executar_acesso_sharepoint     | sharepoint_acesso.py      | Acessando link 45/154                              | system          | information     |
| 2025-10-02 09:33:11       | IMP_DOC_QUALIS_ | _acessar_sharepoint            | sharepoint_acesso.py      | Acessando URL: https://fibrasacombr.sharepoint.com | system          | information     |
|                           |                 |                                |                           | /sites/GED/Documentos%20Compartilhados/1.Corporati |                 |                 |
|                           |                 |                                |                           | vo%20-                                             |                 |                 |
|                           |                 |                                |                           | %20FICORP/Publicados/SEPAT%20%E2%80%93%20SETOR%20D |                 |                 |
|                           |                 |                                |                           | E%20ASSISTENCIA%20TECNICA                          |                 |                 |
| 2025-10-02 09:33:14       | IMP_DOC_QUALIS_ | executar_acesso_sharepoint     | sharepoint_acesso.py      | Acessando link 46/154                              | system          | information     |
| 2025-10-02 09:33:15       | IMP_DOC_QUALIS_ | _acessar_sharepoint            | sharepoint_acesso.py      | Acessando URL: https://fibrasacombr.sharepoint.com | system          | information     |
|                           |                 |                                |                           | /sites/GED/Documentos%20Compartilhados/1.Corporati |                 |                 |
|                           |                 |                                |                           | vo%20-%20FICORP/Publicados/SEPCP%20-               |                 |                 |
|                           |                 |                                |                           | %20SETOR%20DE%20PLANEJAMENTO                       |                 |                 |
| 2025-10-02 09:33:18       | IMP_DOC_QUALIS_ | executar_acesso_sharepoint     | sharepoint_acesso.py      | Acessando link 47/154                              | system          | information     |
| 2025-10-02 09:33:18       | IMP_DOC_QUALIS_ | _acessar_sharepoint            | sharepoint_acesso.py      | Acessando URL: https://fibrasacombr.sharepoint.com | system          | information     |
|                           |                 |                                |                           | /sites/GED/Documentos%20Compartilhados/1.Corporati |                 |                 |
|                           |                 |                                |                           | vo%20-%20FICORP/Publicados/SEPRC%20-               |                 |                 |
|                           |                 |                                |                           | %20SETOR%20PROCESSO%20DE%20PRODU%C3%87%C3%83O      |                 |                 |
| 2025-10-02 09:33:21       | IMP_DOC_QUALIS_ | executar_acesso_sharepoint     | sharepoint_acesso.py      | Acessando link 48/154                              | system          | information     |
| 2025-10-02 09:33:22       | IMP_DOC_QUALIS_ | _acessar_sharepoint            | sharepoint_acesso.py      | Acessando URL: https://fibrasacombr.sharepoint.com | system          | information     |
|                           |                 |                                |                           | /sites/GED/Documentos%20Compartilhados/1.Corporati |                 |                 |
|                           |                 |                                |                           | vo%20-%20FICORP/Publicados/SEPRO%20-               |                 |                 |
|                           |                 |                                |                           | %20SETOR%20DE%20PROJETOS%20E%20DESENVOLVIMENTO     |                 |                 |
| 2025-10-02 09:33:24       | IMP_DOC_QUALIS_ | executar_acesso_sharepoint     | sharepoint_acesso.py      | Acessando link 49/154                              | system          | information     |
| 2025-10-02 09:33:24       | IMP_DOC_QUALIS_ | _acessar_sharepoint            | sharepoint_acesso.py      | Acessando URL: https://fibrasacombr.sharepoint.com | system          | information     |
|                           |                 |                                |                           | /sites/GED/Documentos%20Compartilhados/1.Corporati |                 |                 |
|                           |                 |                                |                           | vo%20-%20FICORP/Publicados/SEQUA%20-               |                 |                 |
|                           |                 |                                |                           | %20SETOR%20DE%20QUALIDADE                          |                 |                 |
| 2025-10-02 09:33:27       | IMP_DOC_QUALIS_ | executar_acesso_sharepoint     | sharepoint_acesso.py      | Acessando link 50/154                              | system          | information     |
| 2025-10-02 09:33:28       | IMP_DOC_QUALIS_ | _acessar_sharepoint            | sharepoint_acesso.py      | Acessando URL: https://fibrasacombr.sharepoint.com | system          | information     |
|                           |                 |                                |                           | /sites/GED/Documentos%20Compartilhados/1.Corporati |                 |                 |
|                           |                 |                                |                           | vo%20-%20FICORP/Publicados/SETER%20-               |                 |                 |
|                           |                 |                                |                           | %20SETOR%20DE%20TERMOFORMAGEM                      |                 |                 |
| 2025-10-02 09:33:43       | IMP_DOC_QUALIS_ | executar_acesso_sharepoint     | sharepoint_acesso.py      | Acessando link 51/154                              | system          | information     |
| 2025-10-02 09:33:44       | IMP_DOC_QUALIS_ | _acessar_sharepoint            | sharepoint_acesso.py      | Acessando URL: https://fibrasacombr.sharepoint.com | system          | information     |
|                           |                 |                                |                           | /sites/GED/Documentos%20Compartilhados/1.Corporati |                 |                 |
|                           |                 |                                |                           | vo%20-%20FICORP/Publicados/SETRU%20-               |                 |                 |
|                           |                 |                                |                           | %20SETOR%20DE%20EXTRUSAO                           |                 |                 |
| 2025-10-02 09:33:46       | IMP_DOC_QUALIS_ | executar_acesso_sharepoint     | sharepoint_acesso.py      | Acessando link 52/154                              | system          | information     |
| 2025-10-02 09:33:47       | IMP_DOC_QUALIS_ | _acessar_sharepoint            | sharepoint_acesso.py      | Acessando URL: https://fibrasacombr.sharepoint.com | system          | information     |
|                           |                 |                                |                           | /sites/GED/Documentos%20Compartilhados/1.Corporati |                 |                 |
|                           |                 |                                |                           | vo%20-%20FICORP/Publicados/SSMA%20-                |                 |                 |
|                           |                 |                                |                           | %20SETOR%20DE%20SEGURANCA,%20SAUDE%20E%20MEIO%20AM |                 |                 |
|                           |                 |                                |                           | BIENTE                                             |                 |                 |
| 2025-10-02 09:33:49       | IMP_DOC_QUALIS_ | executar_acesso_sharepoint     | sharepoint_acesso.py      | Acessando link 53/154                              | system          | information     |
| 2025-10-02 09:33:50       | IMP_DOC_QUALIS_ | _acessar_sharepoint            | sharepoint_acesso.py      | Acessando URL: https://fibrasacombr.sharepoint.com | system          | information     |
|                           |                 |                                |                           | /sites/GED/Documentos%20Compartilhados/2.Nordeste% |                 |                 |
|                           |                 |                                |                           | 20-%20FINE/Publicados/EOF%20-                      |                 |                 |
|                           |                 |                                |                           | %20EXCELENCIA%20OPERACIONAL%20FIBRASA              |                 |                 |
| 2025-10-02 09:33:52       | IMP_DOC_QUALIS_ | executar_acesso_sharepoint     | sharepoint_acesso.py      | Acessando link 54/154                              | system          | information     |
| 2025-10-02 09:33:53       | IMP_DOC_QUALIS_ | _acessar_sharepoint            | sharepoint_acesso.py      | Acessando URL: https://fibrasacombr.sharepoint.com | system          | information     |
|                           |                 |                                |                           | /sites/GED/Documentos%20Compartilhados/2.Nordeste% |                 |                 |
|                           |                 |                                |                           | 20-%20FINE/Publicados/GEI%20-                      |                 |                 |
|                           |                 |                                |                           | %20GERENCIA%20INDUSTRIAL                           |                 |                 |
| 2025-10-02 09:33:57       | IMP_DOC_QUALIS_ | executar_acesso_sharepoint     | sharepoint_acesso.py      | Acessando link 55/154                              | system          | information     |
| 2025-10-02 09:33:57       | IMP_DOC_QUALIS_ | _acessar_sharepoint            | sharepoint_acesso.py      | Acessando URL: https://fibrasacombr.sharepoint.com | system          | information     |
|                           |                 |                                |                           | /sites/GED/Documentos%20Compartilhados/2.Nordeste% |                 |                 |
|                           |                 |                                |                           | 20-%20FINE/Publicados/PMO%20-                      |                 |                 |
|                           |                 |                                |                           | %20PROJECT%20MANAGEMENT%20OFFICE                   |                 |                 |
| 2025-10-02 09:34:01       | IMP_DOC_QUALIS_ | executar_acesso_sharepoint     | sharepoint_acesso.py      | Acessando link 56/154                              | system          | information     |
| 2025-10-02 09:34:02       | IMP_DOC_QUALIS_ | _acessar_sharepoint            | sharepoint_acesso.py      | Acessando URL: https://fibrasacombr.sharepoint.com | system          | information     |
|                           |                 |                                |                           | /sites/GED/Documentos%20Compartilhados/2.Nordeste% |                 |                 |
|                           |                 |                                |                           | 20-%20FINE/Publicados/SEART%20-                    |                 |                 |
|                           |                 |                                |                           | %20SETOR%20DE%20ARTES%20GR%C3%81FICAS              |                 |                 |
| 2025-10-02 09:34:04       | IMP_DOC_QUALIS_ | executar_acesso_sharepoint     | sharepoint_acesso.py      | Acessando link 57/154                              | system          | information     |
| 2025-10-02 09:34:05       | IMP_DOC_QUALIS_ | _acessar_sharepoint            | sharepoint_acesso.py      | Acessando URL: https://fibrasacombr.sharepoint.com | system          | information     |
|                           |                 |                                |                           | /sites/GED/Documentos%20Compartilhados/2.Nordeste% |                 |                 |
|                           |                 |                                |                           | 20-%20FINE/Publicados/SECOM%20-                    |                 |                 |
|                           |                 |                                |                           | %20SETOR%20COMERCIAL                               |                 |                 |
| 2025-10-02 09:34:08       | IMP_DOC_QUALIS_ | executar_acesso_sharepoint     | sharepoint_acesso.py      | Acessando link 58/154                              | system          | information     |
| 2025-10-02 09:34:08       | IMP_DOC_QUALIS_ | _acessar_sharepoint            | sharepoint_acesso.py      | Acessando URL: https://fibrasacombr.sharepoint.com | system          | information     |
|                           |                 |                                |                           | /sites/GED/Documentos%20Compartilhados/2.Nordeste% |                 |                 |
|                           |                 |                                |                           | 20-%20FINE/Publicados/SECON%20-                    |                 |                 |
|                           |                 |                                |                           | %20SETOR%20DE%20CONTABILIDADE                      |                 |                 |
| 2025-10-02 09:34:12       | IMP_DOC_QUALIS_ | executar_acesso_sharepoint     | sharepoint_acesso.py      | Acessando link 59/154                              | system          | information     |
| 2025-10-02 09:34:12       | IMP_DOC_QUALIS_ | _acessar_sharepoint            | sharepoint_acesso.py      | Acessando URL: https://fibrasacombr.sharepoint.com | system          | information     |
|                           |                 |                                |                           | /sites/GED/Documentos%20Compartilhados/2.Nordeste% |                 |                 |
|                           |                 |                                |                           | 20-%20FINE/Publicados/SEDES%20-                    |                 |                 |
|                           |                 |                                |                           | %20SETOR%20DE%20DESENVOLVIMENTO                    |                 |                 |
| 2025-10-02 09:34:15       | IMP_DOC_QUALIS_ | executar_acesso_sharepoint     | sharepoint_acesso.py      | Acessando link 60/154                              | system          | information     |
| 2025-10-02 09:34:16       | IMP_DOC_QUALIS_ | _acessar_sharepoint            | sharepoint_acesso.py      | Acessando URL: https://fibrasacombr.sharepoint.com | system          | information     |
|                           |                 |                                |                           | /sites/GED/Documentos%20Compartilhados/2.Nordeste% |                 |                 |
|                           |                 |                                |                           | 20-%20FINE/Publicados/SEENG%20-                    |                 |                 |
|                           |                 |                                |                           | %20SETOR%20DE%20ENG.%20PROCESSO                    |                 |                 |
+---------------------------+-----------------+--------------------------------+---------------------------+----------------------------------------------------+-----------------+-----------------+
